
2024/06/24 13:16:40 /Users/user/Documents/kerja/webhook-lenna/repositories/webhookRepository/webchatRepository/webhookRepositoryImpl.go:12
[55.862ms] [rows:1] SELECT * FROM "omnichannel"."integrations" WHERE id = 1098 LIMIT 1

2024/06/24 13:16:40 /Users/user/Documents/kerja/webhook-lenna/repositories/webhookRepository/webchatRepository/webhookRepositoryImpl.go:22
[27.853ms] [rows:1] SELECT * FROM "app"."users" WHERE id = 1524940 LIMIT 1

2024/06/24 13:16:40 /Users/user/Documents/kerja/webhook-lenna/repositories/webhookRepository/webchatRepository/webhookRepositoryImpl.go:32
[22.547ms] [rows:1] SELECT * FROM "omnichannel"."rooms" WHERE created_by = 1524940 LIMIT 1

2024/06/24 13:17:31 /Users/user/Documents/kerja/webhook-lenna/repositories/webhookRepository/webchatRepository/webhookRepositoryImpl.go:13
[68.715ms] [rows:1] SELECT * FROM "omnichannel"."integrations" WHERE id = 1098 LIMIT 1

2024/06/24 13:17:32 /Users/user/Documents/kerja/webhook-lenna/repositories/webhookRepository/webchatRepository/webhookRepositoryImpl.go:23
[72.985ms] [rows:1] SELECT * FROM "app"."users" WHERE id = 1524940 LIMIT 1

2024/06/24 13:17:32 /Users/user/Documents/kerja/webhook-lenna/repositories/webhookRepository/webchatRepository/webhookRepositoryImpl.go:33
[28.480ms] [rows:1] SELECT * FROM "omnichannel"."rooms" WHERE created_by = 1524940 LIMIT 1

2024/06/24 13:18:04 /Users/user/Documents/kerja/webhook-lenna/repositories/webhookRepository/webchatRepository/webhookRepositoryImpl.go:12
[46.472ms] [rows:1] SELECT * FROM "omnichannel"."integrations" WHERE id = 1098 LIMIT 1

2024/06/24 13:18:04 /Users/user/Documents/kerja/webhook-lenna/repositories/webhookRepository/webchatRepository/webhookRepositoryImpl.go:22
[25.721ms] [rows:1] SELECT * FROM "app"."users" WHERE id = 1524940 LIMIT 1

2024/06/24 13:18:04 /Users/user/Documents/kerja/webhook-lenna/repositories/webhookRepository/webchatRepository/webhookRepositoryImpl.go:32
[21.736ms] [rows:1] SELECT * FROM "omnichannel"."rooms" WHERE created_by = 1524940 LIMIT 1

2024/06/24 13:31:33 /Users/user/Documents/kerja/webhook-lenna/repositories/webhookRepository/webchatRepository/webhookRepositoryImpl.go:12
[71.902ms] [rows:1] SELECT * FROM "omnichannel"."integrations" WHERE id = 1098 LIMIT 1

2024/06/24 13:31:33 /Users/user/Documents/kerja/webhook-lenna/repositories/webhookRepository/webchatRepository/webhookRepositoryImpl.go:22
[58.703ms] [rows:1] SELECT * FROM "app"."users" WHERE id = 1524940 LIMIT 1

2024/06/24 13:31:33 /Users/user/Documents/kerja/webhook-lenna/repositories/webhookRepository/webchatRepository/webhookRepositoryImpl.go:32
[33.641ms] [rows:1] SELECT * FROM "omnichannel"."rooms" WHERE created_by = 1524940 LIMIT 1

2024/06/24 13:50:36 /Users/user/Documents/kerja/webhook-lenna/repositories/webhookRepository/webchatRepository/webhookRepositoryImpl.go:13
[70.789ms] [rows:1] SELECT * FROM "omnichannel"."integrations" WHERE id = 1098 LIMIT 1

2024/06/24 13:50:37 /Users/user/Documents/kerja/webhook-lenna/repositories/webhookRepository/webchatRepository/webhookRepositoryImpl.go:23
[59.638ms] [rows:1] SELECT * FROM "app"."users" WHERE id = 1524940 LIMIT 1

2024/06/24 13:50:37 /Users/user/Documents/kerja/webhook-lenna/repositories/webhookRepository/webchatRepository/webhookRepositoryImpl.go:33
[32.559ms] [rows:1] SELECT * FROM "omnichannel"."rooms" WHERE created_by = 1524940 LIMIT 1

2024/06/24 13:51:30 /Users/user/Documents/kerja/webhook-lenna/repositories/webhookRepository/webchatRepository/webhookRepositoryImpl.go:13
[76.943ms] [rows:1] SELECT * FROM "omnichannel"."integrations" WHERE id = 1098 LIMIT 1

2024/06/24 13:51:30 /Users/user/Documents/kerja/webhook-lenna/repositories/webhookRepository/webchatRepository/webhookRepositoryImpl.go:23
[50.724ms] [rows:1] SELECT * FROM "app"."users" WHERE id = 1524940 LIMIT 1

2024/06/24 13:51:30 /Users/user/Documents/kerja/webhook-lenna/repositories/webhookRepository/webchatRepository/webhookRepositoryImpl.go:33
[45.786ms] [rows:1] SELECT * FROM "omnichannel"."rooms" WHERE created_by = 1524940 LIMIT 1

2024/06/24 14:59:03 /Users/user/Documents/kerja/webhook-lenna/repositories/webhookRepository/webchatRepository/webhookRepositoryImpl.go:16
[62.873ms] [rows:1] SELECT * FROM "omnichannel"."integrations" WHERE id = 1098 LIMIT 1

2024/06/24 14:59:04 /Users/user/Documents/kerja/webhook-lenna/repositories/webhookRepository/webchatRepository/webhookRepositoryImpl.go:26
[64.773ms] [rows:1] SELECT * FROM "app"."users" WHERE id = 1524940 LIMIT 1

2024/06/24 14:59:04 /Users/user/Documents/kerja/webhook-lenna/repositories/webhookRepository/webchatRepository/webhookRepositoryImpl.go:36
[38.535ms] [rows:1] SELECT * FROM "omnichannel"."rooms" WHERE created_by = 1524940 LIMIT 1

2024/06/24 14:59:04 /Users/user/Documents/kerja/webhook-lenna/repositories/webhookRepository/webchatRepository/webhookRepositoryImpl.go:80 ERROR: syntax error at or near "and" (SQLSTATE 42601)
[27.444ms] [rows:0] SELECT * FROM "omnichannel"."integrations" WHERE userable_id = ? and room_id = ? and created_at = ?%!(EXTRA int=1524940, int=1083260, string=09+07-24067)

2024/06/24 14:59:49 /Users/user/Documents/kerja/webhook-lenna/repositories/webhookRepository/webchatRepository/webhookRepositoryImpl.go:16
[51.216ms] [rows:1] SELECT * FROM "omnichannel"."integrations" WHERE id = 1098 LIMIT 1

2024/06/24 14:59:49 /Users/user/Documents/kerja/webhook-lenna/repositories/webhookRepository/webchatRepository/webhookRepositoryImpl.go:26
[26.379ms] [rows:1] SELECT * FROM "app"."users" WHERE id = 1524940 LIMIT 1

2024/06/24 14:59:49 /Users/user/Documents/kerja/webhook-lenna/repositories/webhookRepository/webchatRepository/webhookRepositoryImpl.go:36
[23.405ms] [rows:1] SELECT * FROM "omnichannel"."rooms" WHERE created_by = 1524940 LIMIT 1

2024/06/24 14:59:49 /Users/user/Documents/kerja/webhook-lenna/repositories/webhookRepository/webchatRepository/webhookRepositoryImpl.go:81 ERROR: syntax error at or near "and" (SQLSTATE 42601)
[22.483ms] [rows:0] SELECT * FROM "omnichannel"."integrations" WHERE userable_id = ? and room_id = ? and created_at = ?%!(EXTRA int=1524940, int=1083260, string=09+07-24067)

2024/06/24 15:00:00 /Users/user/Documents/kerja/webhook-lenna/repositories/webhookRepository/webchatRepository/webhookRepositoryImpl.go:16
[57.046ms] [rows:1] SELECT * FROM "omnichannel"."integrations" WHERE id = 1098 LIMIT 1

2024/06/24 15:00:00 /Users/user/Documents/kerja/webhook-lenna/repositories/webhookRepository/webchatRepository/webhookRepositoryImpl.go:26
[29.574ms] [rows:1] SELECT * FROM "app"."users" WHERE id = 1524940 LIMIT 1

2024/06/24 15:00:00 /Users/user/Documents/kerja/webhook-lenna/repositories/webhookRepository/webchatRepository/webhookRepositoryImpl.go:36
[28.563ms] [rows:1] SELECT * FROM "omnichannel"."rooms" WHERE created_by = 1524940 LIMIT 1

2024/06/24 15:00:00 /Users/user/Documents/kerja/webhook-lenna/repositories/webhookRepository/webchatRepository/webhookRepositoryImpl.go:81 ERROR: syntax error at or near "and" (SQLSTATE 42601)
[25.080ms] [rows:0] SELECT * FROM "omnichannel"."integrations" WHERE userable_id = ? and room_id = ? and created_at = ?%!(EXTRA int=1524940, int=1083260, string=09+07-24067)

2024/06/24 15:01:39 /Users/user/Documents/kerja/webhook-lenna/repositories/webhookRepository/webchatRepository/webhookRepositoryImpl.go:16
[56.797ms] [rows:1] SELECT * FROM "omnichannel"."integrations" WHERE id = 1098 LIMIT 1

2024/06/24 15:01:39 /Users/user/Documents/kerja/webhook-lenna/repositories/webhookRepository/webchatRepository/webhookRepositoryImpl.go:26
[48.249ms] [rows:1] SELECT * FROM "app"."users" WHERE id = 1524940 LIMIT 1

2024/06/24 15:01:39 /Users/user/Documents/kerja/webhook-lenna/repositories/webhookRepository/webchatRepository/webhookRepositoryImpl.go:36
[29.666ms] [rows:1] SELECT * FROM "omnichannel"."rooms" WHERE created_by = 1524940 LIMIT 1

2024/06/24 15:01:39 /Users/user/Documents/kerja/webhook-lenna/repositories/webhookRepository/webchatRepository/webhookRepositoryImpl.go:81 ERROR: syntax error at or near "and" (SQLSTATE 42601)
[24.339ms] [rows:0] SELECT * FROM "omnichannel"."integrations" WHERE userable_id = ? and room_id = ? and created_at = ?%!(EXTRA int=1524940, int=1083260, string=24-06-2024)

2024/06/24 15:02:30 /Users/user/Documents/kerja/webhook-lenna/repositories/webhookRepository/webchatRepository/webhookRepositoryImpl.go:16
[232.624ms] [rows:1] SELECT * FROM "omnichannel"."integrations" WHERE id = 1098 LIMIT 1

2024/06/24 15:02:30 /Users/user/Documents/kerja/webhook-lenna/repositories/webhookRepository/webchatRepository/webhookRepositoryImpl.go:26
[50.094ms] [rows:1] SELECT * FROM "app"."users" WHERE id = 1524940 LIMIT 1

2024/06/24 15:02:30 /Users/user/Documents/kerja/webhook-lenna/repositories/webhookRepository/webchatRepository/webhookRepositoryImpl.go:36
[39.287ms] [rows:1] SELECT * FROM "omnichannel"."rooms" WHERE created_by = 1524940 LIMIT 1

2024/06/24 15:02:30 /Users/user/Documents/kerja/webhook-lenna/repositories/webhookRepository/webchatRepository/webhookRepositoryImpl.go:80 ERROR: column "userable_id" does not exist (SQLSTATE 42703)
[32.467ms] [rows:0] SELECT * FROM "omnichannel"."integrations" WHERE userable_id = %!s(int=1524940) and room_id = %!s(int=1083260) and created_at = 24-06-2024

2024/06/24 15:02:54 /Users/user/Documents/kerja/webhook-lenna/repositories/webhookRepository/webchatRepository/webhookRepositoryImpl.go:16
[58.963ms] [rows:1] SELECT * FROM "omnichannel"."integrations" WHERE id = 1098 LIMIT 1

2024/06/24 15:02:54 /Users/user/Documents/kerja/webhook-lenna/repositories/webhookRepository/webchatRepository/webhookRepositoryImpl.go:26
[27.185ms] [rows:1] SELECT * FROM "app"."users" WHERE id = 1524940 LIMIT 1

2024/06/24 15:02:54 /Users/user/Documents/kerja/webhook-lenna/repositories/webhookRepository/webchatRepository/webhookRepositoryImpl.go:36
[24.103ms] [rows:1] SELECT * FROM "omnichannel"."rooms" WHERE created_by = 1524940 LIMIT 1

2024/06/24 15:02:54 /Users/user/Documents/kerja/webhook-lenna/repositories/webhookRepository/webchatRepository/webhookRepositoryImpl.go:81 ERROR: column "userable_id" does not exist (SQLSTATE 42703)
[23.934ms] [rows:0] SELECT * FROM "omnichannel"."integrations" WHERE userable_id = 1524940 and room_id = 1083260 and created_at = 24-06-2024

2024/06/24 15:03:28 /Users/user/Documents/kerja/webhook-lenna/repositories/webhookRepository/webchatRepository/webhookRepositoryImpl.go:16
[65.146ms] [rows:1] SELECT * FROM "omnichannel"."integrations" WHERE id = 1098 LIMIT 1

2024/06/24 15:03:28 /Users/user/Documents/kerja/webhook-lenna/repositories/webhookRepository/webchatRepository/webhookRepositoryImpl.go:26
[25.455ms] [rows:1] SELECT * FROM "app"."users" WHERE id = 1524940 LIMIT 1

2024/06/24 15:03:28 /Users/user/Documents/kerja/webhook-lenna/repositories/webhookRepository/webchatRepository/webhookRepositoryImpl.go:36
[24.607ms] [rows:1] SELECT * FROM "omnichannel"."rooms" WHERE created_by = 1524940 LIMIT 1

2024/06/24 15:03:28 /Users/user/Documents/kerja/webhook-lenna/repositories/webhookRepository/webchatRepository/webhookRepositoryImpl.go:81 ERROR: column "userable_id" does not exist (SQLSTATE 42703)
[23.336ms] [rows:0] SELECT * FROM "omnichannel"."integrations" WHERE userable_id = 1524940 and room_id = 1083260 and created_at = 2024-06-24

2024/06/24 15:05:38 /Users/user/Documents/kerja/webhook-lenna/repositories/webhookRepository/webchatRepository/webhookRepositoryImpl.go:16
[158.782ms] [rows:1] SELECT * FROM "omnichannel"."integrations" WHERE id = 1098 LIMIT 1

2024/06/24 15:05:38 /Users/user/Documents/kerja/webhook-lenna/repositories/webhookRepository/webchatRepository/webhookRepositoryImpl.go:26
[29.300ms] [rows:1] SELECT * FROM "app"."users" WHERE id = 1524940 LIMIT 1

2024/06/24 15:05:39 /Users/user/Documents/kerja/webhook-lenna/repositories/webhookRepository/webchatRepository/webhookRepositoryImpl.go:36
[71.601ms] [rows:1] SELECT * FROM "omnichannel"."rooms" WHERE created_by = 1524940 LIMIT 1

2024/06/24 15:05:39 /Users/user/Documents/kerja/webhook-lenna/repositories/webhookRepository/webchatRepository/webhookRepositoryImpl.go:79 ERROR: column "userable_id" does not exist (SQLSTATE 42703)
[59.742ms] [rows:0] SELECT * FROM "omnichannel"."integrations" WHERE userable_id = 1524940 and room_id = 1083260 and date(created_at) = 2024-06-24

2024/06/24 15:05:44 /Users/user/Documents/kerja/webhook-lenna/repositories/webhookRepository/webchatRepository/webhookRepositoryImpl.go:16
[59.776ms] [rows:1] SELECT * FROM "omnichannel"."integrations" WHERE id = 1098 LIMIT 1

2024/06/24 15:05:44 /Users/user/Documents/kerja/webhook-lenna/repositories/webhookRepository/webchatRepository/webhookRepositoryImpl.go:26
[276.697ms] [rows:1] SELECT * FROM "app"."users" WHERE id = 1524940 LIMIT 1

2024/06/24 15:05:44 /Users/user/Documents/kerja/webhook-lenna/repositories/webhookRepository/webchatRepository/webhookRepositoryImpl.go:36
[23.042ms] [rows:1] SELECT * FROM "omnichannel"."rooms" WHERE created_by = 1524940 LIMIT 1

2024/06/24 15:05:44 /Users/user/Documents/kerja/webhook-lenna/repositories/webhookRepository/webchatRepository/webhookRepositoryImpl.go:79 ERROR: column "userable_id" does not exist (SQLSTATE 42703)
[36.582ms] [rows:0] SELECT * FROM "omnichannel"."integrations" WHERE userable_id = 1524940 and room_id = 1083260 and date(created_at) = 2024-06-24

2024/06/24 15:07:50 /Users/user/Documents/kerja/webhook-lenna/repositories/webhookRepository/webchatRepository/webhookRepositoryImpl.go:15
[275.798ms] [rows:1] SELECT * FROM "omnichannel"."integrations" WHERE id = 1098 LIMIT 1

2024/06/24 15:07:50 /Users/user/Documents/kerja/webhook-lenna/repositories/webhookRepository/webchatRepository/webhookRepositoryImpl.go:25
[174.230ms] [rows:1] SELECT * FROM "app"."users" WHERE id = 1524940 LIMIT 1

2024/06/24 15:07:50 /Users/user/Documents/kerja/webhook-lenna/repositories/webhookRepository/webchatRepository/webhookRepositoryImpl.go:35
[30.907ms] [rows:1] SELECT * FROM "omnichannel"."rooms" WHERE created_by = 1524940 LIMIT 1

2024/06/24 15:07:50 /Users/user/Documents/kerja/webhook-lenna/repositories/webhookRepository/webchatRepository/webhookRepositoryImpl.go:77 ERROR: column "userable_id" does not exist (SQLSTATE 42703)
[23.684ms] [rows:0] SELECT * FROM "omnichannel"."integrations" WHERE userable_id = 1524940 and room_id = 1083260 and date(created_at) = '2024-06-24'

2024/06/24 15:08:48 /Users/user/Documents/kerja/webhook-lenna/repositories/webhookRepository/webchatRepository/webhookRepositoryImpl.go:16 SLOW SQL >= 1s
[2803.072ms] [rows:1] SELECT * FROM "omnichannel"."integrations" WHERE id = 1098 LIMIT 1

2024/06/24 15:08:49 /Users/user/Documents/kerja/webhook-lenna/repositories/webhookRepository/webchatRepository/webhookRepositoryImpl.go:26 SLOW SQL >= 1s
[1022.701ms] [rows:1] SELECT * FROM "app"."users" WHERE id = 1524940 LIMIT 1

2024/06/24 15:08:50 /Users/user/Documents/kerja/webhook-lenna/repositories/webhookRepository/webchatRepository/webhookRepositoryImpl.go:36 SLOW SQL >= 1s
[1059.612ms] [rows:1] SELECT * FROM "omnichannel"."rooms" WHERE created_by = 1524940 LIMIT 1

2024/06/24 15:08:52 /Users/user/Documents/kerja/webhook-lenna/repositories/webhookRepository/webchatRepository/webhookRepositoryImpl.go:78 SLOW SQL >= 1s
[1562.454ms] [rows:1] SELECT * FROM "omnichannel"."interactions" WHERE userable_id = 1524940 and room_id = 1083260 and date(created_at) = '2024-06-24'

2024/06/24 15:10:00 /Users/user/Documents/kerja/webhook-lenna/repositories/webhookRepository/webchatRepository/webhookRepositoryImpl.go:16
[44.756ms] [rows:1] SELECT * FROM "omnichannel"."integrations" WHERE id = 1098 LIMIT 1

2024/06/24 15:10:00 /Users/user/Documents/kerja/webhook-lenna/repositories/webhookRepository/webchatRepository/webhookRepositoryImpl.go:26
[29.823ms] [rows:1] SELECT * FROM "app"."users" WHERE id = 1524940 LIMIT 1

2024/06/24 15:10:00 /Users/user/Documents/kerja/webhook-lenna/repositories/webhookRepository/webchatRepository/webhookRepositoryImpl.go:36
[21.852ms] [rows:1] SELECT * FROM "omnichannel"."rooms" WHERE created_by = 1524940 LIMIT 1

2024/06/24 15:10:00 /Users/user/Documents/kerja/webhook-lenna/repositories/webhookRepository/webchatRepository/webhookRepositoryImpl.go:78
[68.291ms] [rows:1] SELECT * FROM "omnichannel"."interactions" WHERE userable_id = 1524940 and room_id = 1083260 and date(created_at) = '2024-06-24'

2024/06/24 15:10:40 /Users/user/Documents/kerja/webhook-lenna/repositories/webhookRepository/webchatRepository/webhookRepositoryImpl.go:16
[52.779ms] [rows:1] SELECT * FROM "omnichannel"."integrations" WHERE id = 1098 LIMIT 1

2024/06/24 15:10:40 /Users/user/Documents/kerja/webhook-lenna/repositories/webhookRepository/webchatRepository/webhookRepositoryImpl.go:26
[39.073ms] [rows:1] SELECT * FROM "app"."users" WHERE id = 1524940 LIMIT 1

2024/06/24 15:10:40 /Users/user/Documents/kerja/webhook-lenna/repositories/webhookRepository/webchatRepository/webhookRepositoryImpl.go:36
[71.336ms] [rows:1] SELECT * FROM "omnichannel"."rooms" WHERE created_by = 1524940 LIMIT 1

2024/06/24 15:10:40 /Users/user/Documents/kerja/webhook-lenna/repositories/webhookRepository/webchatRepository/webhookRepositoryImpl.go:78
[31.719ms] [rows:1] SELECT * FROM "omnichannel"."interactions" WHERE userable_id = 1524940 and room_id = 1083260 and date(created_at) = '2024-06-24'

2024/06/24 15:11:50 /Users/user/Documents/kerja/webhook-lenna/repositories/webhookRepository/webchatRepository/webhookRepositoryImpl.go:16
[50.193ms] [rows:1] SELECT * FROM "omnichannel"."integrations" WHERE id = 1098 LIMIT 1

2024/06/24 15:11:50 /Users/user/Documents/kerja/webhook-lenna/repositories/webhookRepository/webchatRepository/webhookRepositoryImpl.go:26
[25.437ms] [rows:1] SELECT * FROM "app"."users" WHERE id = 1524940 LIMIT 1

2024/06/24 15:11:50 /Users/user/Documents/kerja/webhook-lenna/repositories/webhookRepository/webchatRepository/webhookRepositoryImpl.go:36
[27.905ms] [rows:1] SELECT * FROM "omnichannel"."rooms" WHERE created_by = 1524940 LIMIT 1

2024/06/24 15:11:50 /Users/user/Documents/kerja/webhook-lenna/repositories/webhookRepository/webchatRepository/webhookRepositoryImpl.go:78
[34.575ms] [rows:1] SELECT * FROM "omnichannel"."interactions" WHERE userable_id = 1524940 and room_id = 1083260 and date(created_at) = '2024-06-24'
